[01-Jun-2017 07:10:06 UTC] PHP Fatal error:  Call to a member function register() on a non-object in /home/ubuntu/workspace/micro-framework/web/index.php on line 4
[01-Jun-2017 07:10:06 UTC] PHP Stack trace:
[01-Jun-2017 07:10:06 UTC] PHP   1. {main}() /home/ubuntu/workspace/micro-framework/web/index.php:0
[01-Jun-2017 07:10:17 UTC] PHP Fatal error:  Call to a member function register() on a non-object in /home/ubuntu/workspace/micro-framework/web/index.php on line 4
[01-Jun-2017 07:10:17 UTC] PHP Stack trace:
[01-Jun-2017 07:10:17 UTC] PHP   1. {main}() /home/ubuntu/workspace/micro-framework/web/index.php:0
[01-Jun-2017 07:10:20 UTC] PHP Fatal error:  Call to a member function register() on a non-object in /home/ubuntu/workspace/micro-framework/web/index.php on line 4
[01-Jun-2017 07:10:20 UTC] PHP Stack trace:
[01-Jun-2017 07:10:20 UTC] PHP   1. {main}() /home/ubuntu/workspace/micro-framework/web/index.php:0
[01-Jun-2017 07:10:48 UTC] PHP Fatal error:  Call to a member function register() on a non-object in /home/ubuntu/workspace/micro-framework/web/index.php on line 4
[01-Jun-2017 07:10:48 UTC] PHP Stack trace:
[01-Jun-2017 07:10:48 UTC] PHP   1. {main}() /home/ubuntu/workspace/micro-framework/web/index.php:0
[01-Jun-2017 07:13:24 UTC] PHP Fatal error:  Call to a member function register() on a non-object in /home/ubuntu/workspace/micro-framework/web/index.php on line 4
[01-Jun-2017 07:13:24 UTC] PHP Stack trace:
[01-Jun-2017 07:13:24 UTC] PHP   1. {main}() /home/ubuntu/workspace/micro-framework/web/index.php:0
[01-Jun-2017 07:14:01 UTC] PHP Fatal error:  Call to a member function register() on a non-object in /home/ubuntu/workspace/micro-framework/web/index.php on line 4
[01-Jun-2017 07:14:01 UTC] PHP Stack trace:
[01-Jun-2017 07:14:01 UTC] PHP   1. {main}() /home/ubuntu/workspace/micro-framework/web/index.php:0
[01-Jun-2017 07:14:05 UTC] PHP Fatal error:  Call to a member function register() on a non-object in /home/ubuntu/workspace/micro-framework/web/index.php on line 4
[01-Jun-2017 07:14:05 UTC] PHP Stack trace:
[01-Jun-2017 07:14:05 UTC] PHP   1. {main}() /home/ubuntu/workspace/micro-framework/web/index.php:0
[01-Jun-2017 07:14:50 UTC] PHP Fatal error:  Call to a member function register() on a non-object in /home/ubuntu/workspace/micro-framework/web/index.php on line 4
[01-Jun-2017 07:14:50 UTC] PHP Stack trace:
[01-Jun-2017 07:14:50 UTC] PHP   1. {main}() /home/ubuntu/workspace/micro-framework/web/index.php:0
[01-Jun-2017 07:14:52 UTC] PHP Fatal error:  Call to a member function register() on a non-object in /home/ubuntu/workspace/micro-framework/web/index.php on line 4
[01-Jun-2017 07:14:52 UTC] PHP Stack trace:
[01-Jun-2017 07:14:52 UTC] PHP   1. {main}() /home/ubuntu/workspace/micro-framework/web/index.php:0
[01-Jun-2017 07:16:11 UTC] PHP Fatal error:  Call to a member function register() on a non-object in /home/ubuntu/workspace/micro-framework/web/index.php on line 4
[01-Jun-2017 07:16:11 UTC] PHP Stack trace:
[01-Jun-2017 07:16:11 UTC] PHP   1. {main}() /home/ubuntu/workspace/micro-framework/web/index.php:0
[01-Jun-2017 07:16:24 UTC] PHP Fatal error:  Call to a member function register() on a non-object in /home/ubuntu/workspace/micro-framework/web/index.php on line 4
[01-Jun-2017 07:16:24 UTC] PHP Stack trace:
[01-Jun-2017 07:16:24 UTC] PHP   1. {main}() /home/ubuntu/workspace/micro-framework/web/index.php:0
[01-Jun-2017 07:16:32 UTC] PHP Fatal error:  Call to a member function register() on a non-object in /home/ubuntu/workspace/micro-framework/web/index.php on line 4
[01-Jun-2017 07:16:32 UTC] PHP Stack trace:
[01-Jun-2017 07:16:32 UTC] PHP   1. {main}() /home/ubuntu/workspace/micro-framework/web/index.php:0
[01-Jun-2017 07:16:33 UTC] PHP Fatal error:  Call to a member function register() on a non-object in /home/ubuntu/workspace/micro-framework/web/index.php on line 4
[01-Jun-2017 07:16:33 UTC] PHP Stack trace:
[01-Jun-2017 07:16:33 UTC] PHP   1. {main}() /home/ubuntu/workspace/micro-framework/web/index.php:0
[01-Jun-2017 07:17:47 UTC] PHP Fatal error:  Call to a member function register() on a non-object in /home/ubuntu/workspace/micro-framework/web/index.php on line 4
[01-Jun-2017 07:17:47 UTC] PHP Stack trace:
[01-Jun-2017 07:17:47 UTC] PHP   1. {main}() /home/ubuntu/workspace/micro-framework/web/index.php:0
[01-Jun-2017 07:17:47 UTC] PHP Fatal error:  Call to a member function register() on a non-object in /home/ubuntu/workspace/micro-framework/web/index.php on line 4
[01-Jun-2017 07:17:47 UTC] PHP Stack trace:
[01-Jun-2017 07:17:47 UTC] PHP   1. {main}() /home/ubuntu/workspace/micro-framework/web/index.php:0
[01-Jun-2017 07:17:47 UTC] PHP Fatal error:  Call to a member function register() on a non-object in /home/ubuntu/workspace/micro-framework/web/index.php on line 4
[01-Jun-2017 07:17:47 UTC] PHP Stack trace:
[01-Jun-2017 07:17:47 UTC] PHP   1. {main}() /home/ubuntu/workspace/micro-framework/web/index.php:0
[01-Jun-2017 07:17:47 UTC] PHP Fatal error:  Call to a member function register() on a non-object in /home/ubuntu/workspace/micro-framework/web/index.php on line 4
[01-Jun-2017 07:17:47 UTC] PHP Stack trace:
[01-Jun-2017 07:17:47 UTC] PHP   1. {main}() /home/ubuntu/workspace/micro-framework/web/index.php:0
[01-Jun-2017 07:19:43 UTC] PHP Fatal error:  Call to a member function register() on a non-object in /home/ubuntu/workspace/micro-framework/web/index.php on line 4
[01-Jun-2017 07:19:43 UTC] PHP Stack trace:
[01-Jun-2017 07:19:43 UTC] PHP   1. {main}() /home/ubuntu/workspace/micro-framework/web/index.php:0
[01-Jun-2017 07:19:45 UTC] PHP Fatal error:  Call to a member function register() on a non-object in /home/ubuntu/workspace/micro-framework/web/index.php on line 4
[01-Jun-2017 07:19:45 UTC] PHP Stack trace:
[01-Jun-2017 07:19:45 UTC] PHP   1. {main}() /home/ubuntu/workspace/micro-framework/web/index.php:0
[01-Jun-2017 09:27:55 UTC] PHP Fatal error:  Uncaught exception 'PDOException' with message 'SQLSTATE[HY000] [14] unable to open database file' in /home/ubuntu/workspace/micro-framework/vendor/doctrine/dbal/lib/Doctrine/DBAL/Driver/PDOConnection.php:43
Stack trace:
#0 /home/ubuntu/workspace/micro-framework/vendor/doctrine/dbal/lib/Doctrine/DBAL/Driver/PDOConnection.php(43): PDO->__construct('sqlite:/home/ub...', 'root', NULL, Array)
#1 /home/ubuntu/workspace/micro-framework/vendor/doctrine/dbal/lib/Doctrine/DBAL/Driver/PDOSqlite/Driver.php(60): Doctrine\DBAL\Driver\PDOConnection->__construct('sqlite:/home/ub...', 'root', NULL, Array)
#2 /home/ubuntu/workspace/micro-framework/vendor/doctrine/dbal/lib/Doctrine/DBAL/Connection.php(360): Doctrine\DBAL\Driver\PDOSqlite\Driver->connect(Array, 'root', NULL, Array)
#3 /home/ubuntu/workspace/micro-framework/vendor/doctrine/dbal/lib/Doctrine/DBAL/Connection.php(833): Doctrine\DBAL\Connection->connect()
#4 /home/ubuntu/workspace/micro-framework/vendor/doctrine/dbal/lib/Doctrine/DBAL/Connection.php(785): Doctrine\D in /home/ubuntu/workspace/micro-framework/vendor/doctrine/dbal/lib/Doctrine/DBAL/Driver/AbstractSQLiteDriver.php on line 82
[01-Jun-2017 09:30:19 UTC] PHP Fatal error:  Uncaught exception 'PDOException' with message 'SQLSTATE[HY000] [14] unable to open database file' in /home/ubuntu/workspace/micro-framework/vendor/doctrine/dbal/lib/Doctrine/DBAL/Driver/PDOConnection.php:43
Stack trace:
#0 /home/ubuntu/workspace/micro-framework/vendor/doctrine/dbal/lib/Doctrine/DBAL/Driver/PDOConnection.php(43): PDO->__construct('sqlite:/home/ub...', 'root', NULL, Array)
#1 /home/ubuntu/workspace/micro-framework/vendor/doctrine/dbal/lib/Doctrine/DBAL/Driver/PDOSqlite/Driver.php(60): Doctrine\DBAL\Driver\PDOConnection->__construct('sqlite:/home/ub...', 'root', NULL, Array)
#2 /home/ubuntu/workspace/micro-framework/vendor/doctrine/dbal/lib/Doctrine/DBAL/Connection.php(360): Doctrine\DBAL\Driver\PDOSqlite\Driver->connect(Array, 'root', NULL, Array)
#3 /home/ubuntu/workspace/micro-framework/vendor/doctrine/dbal/lib/Doctrine/DBAL/Connection.php(833): Doctrine\DBAL\Connection->connect()
#4 /home/ubuntu/workspace/micro-framework/vendor/doctrine/dbal/lib/Doctrine/DBAL/Connection.php(785): Doctrine\D in /home/ubuntu/workspace/micro-framework/vendor/doctrine/dbal/lib/Doctrine/DBAL/Driver/AbstractSQLiteDriver.php on line 82
[01-Jun-2017 09:30:25 UTC] PHP Fatal error:  Uncaught exception 'PDOException' with message 'SQLSTATE[HY000] [14] unable to open database file' in /home/ubuntu/workspace/micro-framework/vendor/doctrine/dbal/lib/Doctrine/DBAL/Driver/PDOConnection.php:43
Stack trace:
#0 /home/ubuntu/workspace/micro-framework/vendor/doctrine/dbal/lib/Doctrine/DBAL/Driver/PDOConnection.php(43): PDO->__construct('sqlite:/home/ub...', 'root', NULL, Array)
#1 /home/ubuntu/workspace/micro-framework/vendor/doctrine/dbal/lib/Doctrine/DBAL/Driver/PDOSqlite/Driver.php(60): Doctrine\DBAL\Driver\PDOConnection->__construct('sqlite:/home/ub...', 'root', NULL, Array)
#2 /home/ubuntu/workspace/micro-framework/vendor/doctrine/dbal/lib/Doctrine/DBAL/Connection.php(360): Doctrine\DBAL\Driver\PDOSqlite\Driver->connect(Array, 'root', NULL, Array)
#3 /home/ubuntu/workspace/micro-framework/vendor/doctrine/dbal/lib/Doctrine/DBAL/Connection.php(833): Doctrine\DBAL\Connection->connect()
#4 /home/ubuntu/workspace/micro-framework/vendor/doctrine/dbal/lib/Doctrine/DBAL/Connection.php(785): Doctrine\D in /home/ubuntu/workspace/micro-framework/vendor/doctrine/dbal/lib/Doctrine/DBAL/Driver/AbstractSQLiteDriver.php on line 82
[01-Jun-2017 09:30:26 UTC] PHP Fatal error:  Uncaught exception 'PDOException' with message 'SQLSTATE[HY000] [14] unable to open database file' in /home/ubuntu/workspace/micro-framework/vendor/doctrine/dbal/lib/Doctrine/DBAL/Driver/PDOConnection.php:43
Stack trace:
#0 /home/ubuntu/workspace/micro-framework/vendor/doctrine/dbal/lib/Doctrine/DBAL/Driver/PDOConnection.php(43): PDO->__construct('sqlite:/home/ub...', 'root', NULL, Array)
#1 /home/ubuntu/workspace/micro-framework/vendor/doctrine/dbal/lib/Doctrine/DBAL/Driver/PDOSqlite/Driver.php(60): Doctrine\DBAL\Driver\PDOConnection->__construct('sqlite:/home/ub...', 'root', NULL, Array)
#2 /home/ubuntu/workspace/micro-framework/vendor/doctrine/dbal/lib/Doctrine/DBAL/Connection.php(360): Doctrine\DBAL\Driver\PDOSqlite\Driver->connect(Array, 'root', NULL, Array)
#3 /home/ubuntu/workspace/micro-framework/vendor/doctrine/dbal/lib/Doctrine/DBAL/Connection.php(833): Doctrine\DBAL\Connection->connect()
#4 /home/ubuntu/workspace/micro-framework/vendor/doctrine/dbal/lib/Doctrine/DBAL/Connection.php(785): Doctrine\D in /home/ubuntu/workspace/micro-framework/vendor/doctrine/dbal/lib/Doctrine/DBAL/Driver/AbstractSQLiteDriver.php on line 82
[01-Jun-2017 09:38:31 UTC] PHP Fatal error:  Class 'BookingApp\Application' not found in /home/ubuntu/workspace/micro-framework/web/index.php on line 4
[01-Jun-2017 09:38:31 UTC] PHP Stack trace:
[01-Jun-2017 09:38:31 UTC] PHP   1. {main}() /home/ubuntu/workspace/micro-framework/web/index.php:0
[01-Jun-2017 09:38:32 UTC] PHP Fatal error:  Class 'BookingApp\Application' not found in /home/ubuntu/workspace/micro-framework/web/index.php on line 4
[01-Jun-2017 09:38:32 UTC] PHP Stack trace:
[01-Jun-2017 09:38:32 UTC] PHP   1. {main}() /home/ubuntu/workspace/micro-framework/web/index.php:0
[01-Jun-2017 09:38:50 UTC] PHP Warning:  The use statement with non-compound name 'micro' has no effect in /home/ubuntu/workspace/micro-framework/web/index.php on line 3
[01-Jun-2017 09:38:50 UTC] PHP Parse error:  syntax error, unexpected '-', expecting ',' or ';' in /home/ubuntu/workspace/micro-framework/web/index.php on line 3
[01-Jun-2017 09:39:27 UTC] PHP Fatal error:  Class 'microframework\Application' not found in /home/ubuntu/workspace/micro-framework/web/index.php on line 4
[01-Jun-2017 09:39:27 UTC] PHP Stack trace:
[01-Jun-2017 09:39:27 UTC] PHP   1. {main}() /home/ubuntu/workspace/micro-framework/web/index.php:0
[01-Jun-2017 09:39:49 UTC] PHP Warning:  The use statement with non-compound name 'micro' has no effect in /home/ubuntu/workspace/micro-framework/web/index.php on line 3
[01-Jun-2017 09:39:49 UTC] PHP Parse error:  syntax error, unexpected '-', expecting ',' or ';' in /home/ubuntu/workspace/micro-framework/web/index.php on line 3
[01-Jun-2017 09:42:40 UTC] PHP Fatal error:  Class 'BookingApp\Application' not found in /home/ubuntu/workspace/micro-framework/web/index.php on line 4
[01-Jun-2017 09:42:40 UTC] PHP Stack trace:
[01-Jun-2017 09:42:40 UTC] PHP   1. {main}() /home/ubuntu/workspace/micro-framework/web/index.php:0
[01-Jun-2017 09:42:47 UTC] PHP Fatal error:  Class 'BookingApp\Application' not found in /home/ubuntu/workspace/micro-framework/web/index.php on line 4
[01-Jun-2017 09:42:47 UTC] PHP Stack trace:
[01-Jun-2017 09:42:47 UTC] PHP   1. {main}() /home/ubuntu/workspace/micro-framework/web/index.php:0
[01-Jun-2017 09:43:20 UTC] PHP Fatal error:  Class 'BookingApp\Application' not found in /home/ubuntu/workspace/micro-framework/web/index.php on line 4
[01-Jun-2017 09:43:20 UTC] PHP Stack trace:
[01-Jun-2017 09:43:20 UTC] PHP   1. {main}() /home/ubuntu/workspace/micro-framework/web/index.php:0
[01-Jun-2017 09:43:21 UTC] PHP Fatal error:  Class 'BookingApp\Application' not found in /home/ubuntu/workspace/micro-framework/web/index.php on line 4
[01-Jun-2017 09:43:21 UTC] PHP Stack trace:
[01-Jun-2017 09:43:21 UTC] PHP   1. {main}() /home/ubuntu/workspace/micro-framework/web/index.php:0
[01-Jun-2017 09:43:55 UTC] PHP Fatal error:  Class 'BookingApp\Application' not found in /home/ubuntu/workspace/micro-framework/web/index.php on line 4
[01-Jun-2017 09:43:55 UTC] PHP Stack trace:
[01-Jun-2017 09:43:55 UTC] PHP   1. {main}() /home/ubuntu/workspace/micro-framework/web/index.php:0
[01-Jun-2017 09:43:59 UTC] PHP Fatal error:  Class 'BookingApp\Application' not found in /home/ubuntu/workspace/micro-framework/web/index.php on line 4
[01-Jun-2017 09:43:59 UTC] PHP Stack trace:
[01-Jun-2017 09:43:59 UTC] PHP   1. {main}() /home/ubuntu/workspace/micro-framework/web/index.php:0
[01-Jun-2017 10:39:52 UTC] PHP Catchable fatal error:  Argument 1 passed to BookingApp\Controllers\CreateBookingController::__construct() must be an instance of BookingApp\Controllers\FormFactory, instance of Symfony\Component\Form\FormFactory given, called in /home/ubuntu/workspace/micro-framework/src/Application.php on line 85 and defined in /home/ubuntu/workspace/micro-framework/src/Controllers/CreateBookingController.php on line 16
[01-Jun-2017 10:39:52 UTC] PHP Stack trace:
[01-Jun-2017 10:39:52 UTC] PHP   1. {main}() /home/ubuntu/workspace/micro-framework/web/index.php:0
[01-Jun-2017 10:39:52 UTC] PHP   2. BookingApp\Application->__construct() /home/ubuntu/workspace/micro-framework/web/index.php:4
[01-Jun-2017 10:39:52 UTC] PHP   3. BookingApp\Application->configureControllers() /home/ubuntu/workspace/micro-framework/src/Application.php:24
[01-Jun-2017 10:39:52 UTC] PHP   4. BookingApp\Controllers\CreateBookingController->__construct() /home/ubuntu/workspace/micro-framework/src/Application.php:85
[01-Jun-2017 17:16:49 UTC] PHP Fatal error:  Uncaught PDOException: could not find driver in /home/ubuntu/workspace/micro-framework/vendor/doctrine/dbal/lib/Doctrine/DBAL/Driver/PDOConnection.php:43
Stack trace:
#0 /home/ubuntu/workspace/micro-framework/vendor/doctrine/dbal/lib/Doctrine/DBAL/Driver/PDOConnection.php(43): PDO->__construct('sqlite:/home/ub...', 'root', NULL, Array)
#1 /home/ubuntu/workspace/micro-framework/vendor/doctrine/dbal/lib/Doctrine/DBAL/Driver/PDOSqlite/Driver.php(59): Doctrine\DBAL\Driver\PDOConnection->__construct('sqlite:/home/ub...', 'root', NULL, Array)
#2 /home/ubuntu/workspace/micro-framework/vendor/doctrine/dbal/lib/Doctrine/DBAL/Connection.php(360): Doctrine\DBAL\Driver\PDOSqlite\Driver->connect(Array, 'root', NULL, Array)
#3 /home/ubuntu/workspace/micro-framework/vendor/doctrine/dbal/lib/Doctrine/DBAL/Connection.php(833): Doctrine\DBAL\Connection->connect()
#4 /home/ubuntu/workspace/micro-framework/vendor/doctrine/dbal/lib/Doctrine/DBAL/Connection.php(785): Doctrine\DBAL\Connection->executeQuery('SELECT name FRO...', Arr in /home/ubuntu/workspace/micro-framework/vendor/doctrine/dbal/lib/Doctrine/DBAL/Driver/AbstractSQLiteDriver.php on line 85
[01-Jun-2017 17:16:56 UTC] PHP Fatal error:  Uncaught PDOException: could not find driver in /home/ubuntu/workspace/micro-framework/vendor/doctrine/dbal/lib/Doctrine/DBAL/Driver/PDOConnection.php:43
Stack trace:
#0 /home/ubuntu/workspace/micro-framework/vendor/doctrine/dbal/lib/Doctrine/DBAL/Driver/PDOConnection.php(43): PDO->__construct('sqlite:/home/ub...', 'root', NULL, Array)
#1 /home/ubuntu/workspace/micro-framework/vendor/doctrine/dbal/lib/Doctrine/DBAL/Driver/PDOSqlite/Driver.php(59): Doctrine\DBAL\Driver\PDOConnection->__construct('sqlite:/home/ub...', 'root', NULL, Array)
#2 /home/ubuntu/workspace/micro-framework/vendor/doctrine/dbal/lib/Doctrine/DBAL/Connection.php(360): Doctrine\DBAL\Driver\PDOSqlite\Driver->connect(Array, 'root', NULL, Array)
#3 /home/ubuntu/workspace/micro-framework/vendor/doctrine/dbal/lib/Doctrine/DBAL/Connection.php(833): Doctrine\DBAL\Connection->connect()
#4 /home/ubuntu/workspace/micro-framework/vendor/doctrine/dbal/lib/Doctrine/DBAL/Connection.php(785): Doctrine\DBAL\Connection->executeQuery('SELECT name FRO...', Arr in /home/ubuntu/workspace/micro-framework/vendor/doctrine/dbal/lib/Doctrine/DBAL/Driver/AbstractSQLiteDriver.php on line 85
[01-Jun-2017 17:17:00 UTC] PHP Fatal error:  Uncaught PDOException: could not find driver in /home/ubuntu/workspace/micro-framework/vendor/doctrine/dbal/lib/Doctrine/DBAL/Driver/PDOConnection.php:43
Stack trace:
#0 /home/ubuntu/workspace/micro-framework/vendor/doctrine/dbal/lib/Doctrine/DBAL/Driver/PDOConnection.php(43): PDO->__construct('sqlite:/home/ub...', 'root', NULL, Array)
#1 /home/ubuntu/workspace/micro-framework/vendor/doctrine/dbal/lib/Doctrine/DBAL/Driver/PDOSqlite/Driver.php(59): Doctrine\DBAL\Driver\PDOConnection->__construct('sqlite:/home/ub...', 'root', NULL, Array)
#2 /home/ubuntu/workspace/micro-framework/vendor/doctrine/dbal/lib/Doctrine/DBAL/Connection.php(360): Doctrine\DBAL\Driver\PDOSqlite\Driver->connect(Array, 'root', NULL, Array)
#3 /home/ubuntu/workspace/micro-framework/vendor/doctrine/dbal/lib/Doctrine/DBAL/Connection.php(833): Doctrine\DBAL\Connection->connect()
#4 /home/ubuntu/workspace/micro-framework/vendor/doctrine/dbal/lib/Doctrine/DBAL/Connection.php(785): Doctrine\DBAL\Connection->executeQuery('SELECT name FRO...', Arr in /home/ubuntu/workspace/micro-framework/vendor/doctrine/dbal/lib/Doctrine/DBAL/Driver/AbstractSQLiteDriver.php on line 85
[01-Jun-2017 17:17:10 UTC] PHP Fatal error:  Uncaught PDOException: could not find driver in /home/ubuntu/workspace/micro-framework/vendor/doctrine/dbal/lib/Doctrine/DBAL/Driver/PDOConnection.php:43
Stack trace:
#0 /home/ubuntu/workspace/micro-framework/vendor/doctrine/dbal/lib/Doctrine/DBAL/Driver/PDOConnection.php(43): PDO->__construct('sqlite:/home/ub...', 'root', NULL, Array)
#1 /home/ubuntu/workspace/micro-framework/vendor/doctrine/dbal/lib/Doctrine/DBAL/Driver/PDOSqlite/Driver.php(59): Doctrine\DBAL\Driver\PDOConnection->__construct('sqlite:/home/ub...', 'root', NULL, Array)
#2 /home/ubuntu/workspace/micro-framework/vendor/doctrine/dbal/lib/Doctrine/DBAL/Connection.php(360): Doctrine\DBAL\Driver\PDOSqlite\Driver->connect(Array, 'root', NULL, Array)
#3 /home/ubuntu/workspace/micro-framework/vendor/doctrine/dbal/lib/Doctrine/DBAL/Connection.php(833): Doctrine\DBAL\Connection->connect()
#4 /home/ubuntu/workspace/micro-framework/vendor/doctrine/dbal/lib/Doctrine/DBAL/Connection.php(785): Doctrine\DBAL\Connection->executeQuery('SELECT name FRO...', Arr in /home/ubuntu/workspace/micro-framework/vendor/doctrine/dbal/lib/Doctrine/DBAL/Driver/AbstractSQLiteDriver.php on line 85
[01-Jun-2017 17:17:13 UTC] PHP Fatal error:  Uncaught PDOException: could not find driver in /home/ubuntu/workspace/micro-framework/vendor/doctrine/dbal/lib/Doctrine/DBAL/Driver/PDOConnection.php:43
Stack trace:
#0 /home/ubuntu/workspace/micro-framework/vendor/doctrine/dbal/lib/Doctrine/DBAL/Driver/PDOConnection.php(43): PDO->__construct('sqlite:/home/ub...', 'root', NULL, Array)
#1 /home/ubuntu/workspace/micro-framework/vendor/doctrine/dbal/lib/Doctrine/DBAL/Driver/PDOSqlite/Driver.php(59): Doctrine\DBAL\Driver\PDOConnection->__construct('sqlite:/home/ub...', 'root', NULL, Array)
#2 /home/ubuntu/workspace/micro-framework/vendor/doctrine/dbal/lib/Doctrine/DBAL/Connection.php(360): Doctrine\DBAL\Driver\PDOSqlite\Driver->connect(Array, 'root', NULL, Array)
#3 /home/ubuntu/workspace/micro-framework/vendor/doctrine/dbal/lib/Doctrine/DBAL/Connection.php(833): Doctrine\DBAL\Connection->connect()
#4 /home/ubuntu/workspace/micro-framework/vendor/doctrine/dbal/lib/Doctrine/DBAL/Connection.php(785): Doctrine\DBAL\Connection->executeQuery('SELECT name FRO...', Arr in /home/ubuntu/workspace/micro-framework/vendor/doctrine/dbal/lib/Doctrine/DBAL/Driver/AbstractSQLiteDriver.php on line 85
[01-Jun-2017 17:17:14 UTC] PHP Fatal error:  Uncaught PDOException: could not find driver in /home/ubuntu/workspace/micro-framework/vendor/doctrine/dbal/lib/Doctrine/DBAL/Driver/PDOConnection.php:43
Stack trace:
#0 /home/ubuntu/workspace/micro-framework/vendor/doctrine/dbal/lib/Doctrine/DBAL/Driver/PDOConnection.php(43): PDO->__construct('sqlite:/home/ub...', 'root', NULL, Array)
#1 /home/ubuntu/workspace/micro-framework/vendor/doctrine/dbal/lib/Doctrine/DBAL/Driver/PDOSqlite/Driver.php(59): Doctrine\DBAL\Driver\PDOConnection->__construct('sqlite:/home/ub...', 'root', NULL, Array)
#2 /home/ubuntu/workspace/micro-framework/vendor/doctrine/dbal/lib/Doctrine/DBAL/Connection.php(360): Doctrine\DBAL\Driver\PDOSqlite\Driver->connect(Array, 'root', NULL, Array)
#3 /home/ubuntu/workspace/micro-framework/vendor/doctrine/dbal/lib/Doctrine/DBAL/Connection.php(833): Doctrine\DBAL\Connection->connect()
#4 /home/ubuntu/workspace/micro-framework/vendor/doctrine/dbal/lib/Doctrine/DBAL/Connection.php(785): Doctrine\DBAL\Connection->executeQuery('SELECT name FRO...', Arr in /home/ubuntu/workspace/micro-framework/vendor/doctrine/dbal/lib/Doctrine/DBAL/Driver/AbstractSQLiteDriver.php on line 85
[01-Jun-2017 17:23:29 UTC] PHP Fatal error:  Uncaught PDOException: could not find driver in /home/ubuntu/workspace/micro-framework/vendor/doctrine/dbal/lib/Doctrine/DBAL/Driver/PDOConnection.php:43
Stack trace:
#0 /home/ubuntu/workspace/micro-framework/vendor/doctrine/dbal/lib/Doctrine/DBAL/Driver/PDOConnection.php(43): PDO->__construct('sqlite:/home/ub...', 'root', NULL, Array)
#1 /home/ubuntu/workspace/micro-framework/vendor/doctrine/dbal/lib/Doctrine/DBAL/Driver/PDOSqlite/Driver.php(59): Doctrine\DBAL\Driver\PDOConnection->__construct('sqlite:/home/ub...', 'root', NULL, Array)
#2 /home/ubuntu/workspace/micro-framework/vendor/doctrine/dbal/lib/Doctrine/DBAL/Connection.php(360): Doctrine\DBAL\Driver\PDOSqlite\Driver->connect(Array, 'root', NULL, Array)
#3 /home/ubuntu/workspace/micro-framework/vendor/doctrine/dbal/lib/Doctrine/DBAL/Connection.php(833): Doctrine\DBAL\Connection->connect()
#4 /home/ubuntu/workspace/micro-framework/vendor/doctrine/dbal/lib/Doctrine/DBAL/Connection.php(785): Doctrine\DBAL\Connection->executeQuery('SELECT name FRO...', Arr in /home/ubuntu/workspace/micro-framework/vendor/doctrine/dbal/lib/Doctrine/DBAL/Driver/AbstractSQLiteDriver.php on line 85
[01-Jun-2017 17:24:01 UTC] PHP Fatal error:  Uncaught PDOException: could not find driver in /home/ubuntu/workspace/micro-framework/vendor/doctrine/dbal/lib/Doctrine/DBAL/Driver/PDOConnection.php:43
Stack trace:
#0 /home/ubuntu/workspace/micro-framework/vendor/doctrine/dbal/lib/Doctrine/DBAL/Driver/PDOConnection.php(43): PDO->__construct('sqlite:/home/ub...', 'root', NULL, Array)
#1 /home/ubuntu/workspace/micro-framework/vendor/doctrine/dbal/lib/Doctrine/DBAL/Driver/PDOSqlite/Driver.php(59): Doctrine\DBAL\Driver\PDOConnection->__construct('sqlite:/home/ub...', 'root', NULL, Array)
#2 /home/ubuntu/workspace/micro-framework/vendor/doctrine/dbal/lib/Doctrine/DBAL/Connection.php(360): Doctrine\DBAL\Driver\PDOSqlite\Driver->connect(Array, 'root', NULL, Array)
#3 /home/ubuntu/workspace/micro-framework/vendor/doctrine/dbal/lib/Doctrine/DBAL/Connection.php(833): Doctrine\DBAL\Connection->connect()
#4 /home/ubuntu/workspace/micro-framework/vendor/doctrine/dbal/lib/Doctrine/DBAL/Connection.php(785): Doctrine\DBAL\Connection->executeQuery('SELECT name FRO...', Arr in /home/ubuntu/workspace/micro-framework/vendor/doctrine/dbal/lib/Doctrine/DBAL/Driver/AbstractSQLiteDriver.php on line 85
[01-Jun-2017 17:24:02 UTC] PHP Fatal error:  Uncaught PDOException: could not find driver in /home/ubuntu/workspace/micro-framework/vendor/doctrine/dbal/lib/Doctrine/DBAL/Driver/PDOConnection.php:43
Stack trace:
#0 /home/ubuntu/workspace/micro-framework/vendor/doctrine/dbal/lib/Doctrine/DBAL/Driver/PDOConnection.php(43): PDO->__construct('sqlite:/home/ub...', 'root', NULL, Array)
#1 /home/ubuntu/workspace/micro-framework/vendor/doctrine/dbal/lib/Doctrine/DBAL/Driver/PDOSqlite/Driver.php(59): Doctrine\DBAL\Driver\PDOConnection->__construct('sqlite:/home/ub...', 'root', NULL, Array)
#2 /home/ubuntu/workspace/micro-framework/vendor/doctrine/dbal/lib/Doctrine/DBAL/Connection.php(360): Doctrine\DBAL\Driver\PDOSqlite\Driver->connect(Array, 'root', NULL, Array)
#3 /home/ubuntu/workspace/micro-framework/vendor/doctrine/dbal/lib/Doctrine/DBAL/Connection.php(833): Doctrine\DBAL\Connection->connect()
#4 /home/ubuntu/workspace/micro-framework/vendor/doctrine/dbal/lib/Doctrine/DBAL/Connection.php(785): Doctrine\DBAL\Connection->executeQuery('SELECT name FRO...', Arr in /home/ubuntu/workspace/micro-framework/vendor/doctrine/dbal/lib/Doctrine/DBAL/Driver/AbstractSQLiteDriver.php on line 85
[01-Jun-2017 17:24:03 UTC] PHP Fatal error:  Uncaught PDOException: could not find driver in /home/ubuntu/workspace/micro-framework/vendor/doctrine/dbal/lib/Doctrine/DBAL/Driver/PDOConnection.php:43
Stack trace:
#0 /home/ubuntu/workspace/micro-framework/vendor/doctrine/dbal/lib/Doctrine/DBAL/Driver/PDOConnection.php(43): PDO->__construct('sqlite:/home/ub...', 'root', NULL, Array)
#1 /home/ubuntu/workspace/micro-framework/vendor/doctrine/dbal/lib/Doctrine/DBAL/Driver/PDOSqlite/Driver.php(59): Doctrine\DBAL\Driver\PDOConnection->__construct('sqlite:/home/ub...', 'root', NULL, Array)
#2 /home/ubuntu/workspace/micro-framework/vendor/doctrine/dbal/lib/Doctrine/DBAL/Connection.php(360): Doctrine\DBAL\Driver\PDOSqlite\Driver->connect(Array, 'root', NULL, Array)
#3 /home/ubuntu/workspace/micro-framework/vendor/doctrine/dbal/lib/Doctrine/DBAL/Connection.php(833): Doctrine\DBAL\Connection->connect()
#4 /home/ubuntu/workspace/micro-framework/vendor/doctrine/dbal/lib/Doctrine/DBAL/Connection.php(785): Doctrine\DBAL\Connection->executeQuery('SELECT name FRO...', Arr in /home/ubuntu/workspace/micro-framework/vendor/doctrine/dbal/lib/Doctrine/DBAL/Driver/AbstractSQLiteDriver.php on line 85
[01-Jun-2017 17:24:29 UTC] PHP Fatal error:  Uncaught PDOException: could not find driver in /home/ubuntu/workspace/micro-framework/vendor/doctrine/dbal/lib/Doctrine/DBAL/Driver/PDOConnection.php:43
Stack trace:
#0 /home/ubuntu/workspace/micro-framework/vendor/doctrine/dbal/lib/Doctrine/DBAL/Driver/PDOConnection.php(43): PDO->__construct('sqlite:/home/ub...', 'root', NULL, Array)
#1 /home/ubuntu/workspace/micro-framework/vendor/doctrine/dbal/lib/Doctrine/DBAL/Driver/PDOSqlite/Driver.php(59): Doctrine\DBAL\Driver\PDOConnection->__construct('sqlite:/home/ub...', 'root', NULL, Array)
#2 /home/ubuntu/workspace/micro-framework/vendor/doctrine/dbal/lib/Doctrine/DBAL/Connection.php(360): Doctrine\DBAL\Driver\PDOSqlite\Driver->connect(Array, 'root', NULL, Array)
#3 /home/ubuntu/workspace/micro-framework/vendor/doctrine/dbal/lib/Doctrine/DBAL/Connection.php(833): Doctrine\DBAL\Connection->connect()
#4 /home/ubuntu/workspace/micro-framework/vendor/doctrine/dbal/lib/Doctrine/DBAL/Connection.php(785): Doctrine\DBAL\Connection->executeQuery('SELECT name FRO...', Arr in /home/ubuntu/workspace/micro-framework/vendor/doctrine/dbal/lib/Doctrine/DBAL/Driver/AbstractSQLiteDriver.php on line 85
[01-Jun-2017 17:24:30 UTC] PHP Fatal error:  Uncaught PDOException: could not find driver in /home/ubuntu/workspace/micro-framework/vendor/doctrine/dbal/lib/Doctrine/DBAL/Driver/PDOConnection.php:43
Stack trace:
#0 /home/ubuntu/workspace/micro-framework/vendor/doctrine/dbal/lib/Doctrine/DBAL/Driver/PDOConnection.php(43): PDO->__construct('sqlite:/home/ub...', 'root', NULL, Array)
#1 /home/ubuntu/workspace/micro-framework/vendor/doctrine/dbal/lib/Doctrine/DBAL/Driver/PDOSqlite/Driver.php(59): Doctrine\DBAL\Driver\PDOConnection->__construct('sqlite:/home/ub...', 'root', NULL, Array)
#2 /home/ubuntu/workspace/micro-framework/vendor/doctrine/dbal/lib/Doctrine/DBAL/Connection.php(360): Doctrine\DBAL\Driver\PDOSqlite\Driver->connect(Array, 'root', NULL, Array)
#3 /home/ubuntu/workspace/micro-framework/vendor/doctrine/dbal/lib/Doctrine/DBAL/Connection.php(833): Doctrine\DBAL\Connection->connect()
#4 /home/ubuntu/workspace/micro-framework/vendor/doctrine/dbal/lib/Doctrine/DBAL/Connection.php(785): Doctrine\DBAL\Connection->executeQuery('SELECT name FRO...', Arr in /home/ubuntu/workspace/micro-framework/vendor/doctrine/dbal/lib/Doctrine/DBAL/Driver/AbstractSQLiteDriver.php on line 85
[01-Jun-2017 17:24:31 UTC] PHP Fatal error:  Uncaught PDOException: could not find driver in /home/ubuntu/workspace/micro-framework/vendor/doctrine/dbal/lib/Doctrine/DBAL/Driver/PDOConnection.php:43
Stack trace:
#0 /home/ubuntu/workspace/micro-framework/vendor/doctrine/dbal/lib/Doctrine/DBAL/Driver/PDOConnection.php(43): PDO->__construct('sqlite:/home/ub...', 'root', NULL, Array)
#1 /home/ubuntu/workspace/micro-framework/vendor/doctrine/dbal/lib/Doctrine/DBAL/Driver/PDOSqlite/Driver.php(59): Doctrine\DBAL\Driver\PDOConnection->__construct('sqlite:/home/ub...', 'root', NULL, Array)
#2 /home/ubuntu/workspace/micro-framework/vendor/doctrine/dbal/lib/Doctrine/DBAL/Connection.php(360): Doctrine\DBAL\Driver\PDOSqlite\Driver->connect(Array, 'root', NULL, Array)
#3 /home/ubuntu/workspace/micro-framework/vendor/doctrine/dbal/lib/Doctrine/DBAL/Connection.php(833): Doctrine\DBAL\Connection->connect()
#4 /home/ubuntu/workspace/micro-framework/vendor/doctrine/dbal/lib/Doctrine/DBAL/Connection.php(785): Doctrine\DBAL\Connection->executeQuery('SELECT name FRO...', Arr in /home/ubuntu/workspace/micro-framework/vendor/doctrine/dbal/lib/Doctrine/DBAL/Driver/AbstractSQLiteDriver.php on line 85
[01-Jun-2017 17:26:39 UTC] PHP Fatal error:  Uncaught PDOException: could not find driver in /home/ubuntu/workspace/micro-framework/vendor/doctrine/dbal/lib/Doctrine/DBAL/Driver/PDOConnection.php:43
Stack trace:
#0 /home/ubuntu/workspace/micro-framework/vendor/doctrine/dbal/lib/Doctrine/DBAL/Driver/PDOConnection.php(43): PDO->__construct('sqlite:/home/ub...', 'root', NULL, Array)
#1 /home/ubuntu/workspace/micro-framework/vendor/doctrine/dbal/lib/Doctrine/DBAL/Driver/PDOSqlite/Driver.php(59): Doctrine\DBAL\Driver\PDOConnection->__construct('sqlite:/home/ub...', 'root', NULL, Array)
#2 /home/ubuntu/workspace/micro-framework/vendor/doctrine/dbal/lib/Doctrine/DBAL/Connection.php(360): Doctrine\DBAL\Driver\PDOSqlite\Driver->connect(Array, 'root', NULL, Array)
#3 /home/ubuntu/workspace/micro-framework/vendor/doctrine/dbal/lib/Doctrine/DBAL/Connection.php(833): Doctrine\DBAL\Connection->connect()
#4 /home/ubuntu/workspace/micro-framework/vendor/doctrine/dbal/lib/Doctrine/DBAL/Connection.php(785): Doctrine\DBAL\Connection->executeQuery('SELECT name FRO...', Arr in /home/ubuntu/workspace/micro-framework/vendor/doctrine/dbal/lib/Doctrine/DBAL/Driver/AbstractSQLiteDriver.php on line 85
[01-Jun-2017 17:30:41 UTC] PHP Fatal error:  Uncaught PDOException: could not find driver in /home/ubuntu/workspace/micro-framework/vendor/doctrine/dbal/lib/Doctrine/DBAL/Driver/PDOConnection.php:43
Stack trace:
#0 /home/ubuntu/workspace/micro-framework/vendor/doctrine/dbal/lib/Doctrine/DBAL/Driver/PDOConnection.php(43): PDO->__construct('sqlite:/home/ub...', 'root', NULL, Array)
#1 /home/ubuntu/workspace/micro-framework/vendor/doctrine/dbal/lib/Doctrine/DBAL/Driver/PDOSqlite/Driver.php(59): Doctrine\DBAL\Driver\PDOConnection->__construct('sqlite:/home/ub...', 'root', NULL, Array)
#2 /home/ubuntu/workspace/micro-framework/vendor/doctrine/dbal/lib/Doctrine/DBAL/Connection.php(360): Doctrine\DBAL\Driver\PDOSqlite\Driver->connect(Array, 'root', NULL, Array)
#3 /home/ubuntu/workspace/micro-framework/vendor/doctrine/dbal/lib/Doctrine/DBAL/Connection.php(833): Doctrine\DBAL\Connection->connect()
#4 /home/ubuntu/workspace/micro-framework/vendor/doctrine/dbal/lib/Doctrine/DBAL/Connection.php(785): Doctrine\DBAL\Connection->executeQuery('SELECT name FRO...', Arr in /home/ubuntu/workspace/micro-framework/vendor/doctrine/dbal/lib/Doctrine/DBAL/Driver/AbstractSQLiteDriver.php on line 85
[01-Jun-2017 17:33:24 UTC] PHP Fatal error:  Call to a member function format() on a non-object in /home/ubuntu/workspace/micro-framework/src/Controllers/CreateBookingController.php on line 79
[01-Jun-2017 17:33:24 UTC] PHP Stack trace:
[01-Jun-2017 17:33:24 UTC] PHP   1. {main}() /home/ubuntu/workspace/micro-framework/web/index.php:0
[01-Jun-2017 17:33:24 UTC] PHP   2. Silex\Application->run() /home/ubuntu/workspace/micro-framework/web/index.php:5
[01-Jun-2017 17:33:24 UTC] PHP   3. Silex\Application->handle() /home/ubuntu/workspace/micro-framework/vendor/silex/silex/src/Silex/Application.php:477
[01-Jun-2017 17:33:24 UTC] PHP   4. Symfony\Component\HttpKernel\HttpKernel->handle() /home/ubuntu/workspace/micro-framework/vendor/silex/silex/src/Silex/Application.php:496
[01-Jun-2017 17:33:24 UTC] PHP   5. Symfony\Component\HttpKernel\HttpKernel->handleRaw() /home/ubuntu/workspace/micro-framework/vendor/symfony/http-kernel/HttpKernel.php:68
[01-Jun-2017 17:33:24 UTC] PHP   6. call_user_func_array:{/home/ubuntu/workspace/micro-framework/vendor/symfony/http-kernel/HttpKernel.php:153}() /home/ubuntu/workspace/micro-framework/vendor/symfony/http-kernel/HttpKernel.php:153
[01-Jun-2017 17:33:24 UTC] PHP   7. BookingApp\Controllers\CreateBookingController->__invoke() /home/ubuntu/workspace/micro-framework/vendor/symfony/http-kernel/HttpKernel.php:153
